19:01:02,998  INFO UserService,main:33 - Verifying User
19:01:03,028  INFO StudentDaoOperation,main:42 - User Verified
19:01:15,042  INFO AdminService,main:63 - Showing pending approvals of students semester registration
19:01:28,611  INFO AdminService,main:55 - Approving student
19:01:28,617  INFO AdminDaoOperation,main:117 - Student Self Registration approved
19:01:28,618  INFO NotificationService,main:24 - Sending notification
19:01:28,707  INFO NotificationDaoOperation,main:46 - Notification Sent
19:06:16,698  INFO AdminService,main:79 - Showing Selected Courses
19:06:16,706 ERROR AdminDaoOperation,main:219 - ExceptionStudent with id : 101   is not registered for any course
19:07:23,631  INFO UserService,main:33 - Verifying User
19:07:23,658  INFO StudentDaoOperation,main:42 - User Verified
19:07:47,710  INFO AdminService,main:79 - Showing Selected Courses
19:07:47,711 ERROR AdminDaoOperation,main:219 - ExceptionStudent with id : 101   is not registered for any course
19:08:16,971  INFO UserService,main:33 - Verifying User
19:08:16,996  INFO StudentDaoOperation,main:42 - User Verified
19:08:19,761  INFO AdminService,main:79 - Showing Selected Courses
19:08:19,763 ERROR AdminDaoOperation,main:219 - ExceptionStudent with id : 101   is not registered for any course
19:08:19,764  INFO AdminService,main:94 - Updating Student Registration
19:08:19,772  INFO NotificationService,main:24 - Sending notification
19:08:19,879  INFO NotificationDaoOperation,main:46 - Notification Sent
19:25:02,922  INFO UserService,main:33 - Verifying User
19:25:02,967  INFO StudentDaoOperation,main:42 - User Verified
19:25:06,737  INFO AdminService,main:80 - Showing Selected Courses
19:25:06,756 ERROR AdminDaoOperation,main:219 - Exception Student with id : 101is not registered for any course
19:26:46,025  INFO AdminService,main:80 - Showing Selected Courses
19:26:46,028 ERROR AdminDaoOperation,main:219 - Exception Student with id : 101is not registered for any course
19:26:55,523  INFO AdminService,main:31 - Adding course in the course-catalogue
19:26:55,555 ERROR AdminDaoOperation,main:53 - ExceptionField 'PId' doesn't have a default value
19:26:55,556 ERROR AdminDaoOperation,main:55 - exception Course with courseId : 101 cannot be added
19:32:37,034  INFO UserService,main:33 - Verifying User
19:32:37,057  INFO StudentDaoOperation,main:42 - User Verified
19:32:42,135  INFO AdminService,main:31 - Adding course in the course-catalogue
19:32:42,150 ERROR AdminDaoOperation,main:53 - Exception Field 'PId' doesn't have a default value
19:32:42,150 ERROR AdminDaoOperation,main:55 - Exception Course with courseId : 101 cannot be added
19:32:58,534  INFO AdminService,main:39 - Deleting course in the course-catalogue
19:32:58,536  INFO AdminDaoOperation,main:70 - Course Deleted
19:34:27,102  INFO AdminService,main:47 - Adding professor
19:34:27,123  INFO AdminDaoOperation,main:94 - Professor Added 
19:34:27,124  INFO AdminService,main:139 - Adding a new user
19:34:27,126  INFO AdminDaoOperation,main:489 - User Added
19:35:36,767  INFO UserService,main:33 - Verifying User
19:35:36,792  INFO StudentDaoOperation,main:42 - User Verified
19:35:54,715  INFO AdminService,main:47 - Adding professor
19:35:54,722  INFO AdminDaoOperation,main:94 - Professor Added 
19:35:54,723  INFO AdminService,main:139 - Adding a new user
19:35:54,726  INFO AdminDaoOperation,main:489 - User Added
19:36:00,783  INFO AdminService,main:63 - Showing pending approvals of students semester registration
19:38:13,173  INFO UserService,main:33 - Verifying User
19:38:13,202  INFO StudentDaoOperation,main:42 - User Verified
19:38:14,881  INFO AdminService,main:63 - Showing pending approvals of students semester registration
19:40:37,581  INFO UserService,main:33 - Verifying User
19:40:37,606  INFO StudentDaoOperation,main:42 - User Verified
19:40:39,323  INFO AdminService,main:63 - Showing pending approvals of students semester registration
19:40:56,102  INFO UserService,main:33 - Verifying User
19:40:56,128  INFO StudentDaoOperation,main:42 - User Verified
19:40:57,543  INFO AdminService,main:63 - Showing pending approvals of students semester registration
19:40:57,550  INFO AdminDaoOperation,main:215 - No pending Approval Requests
19:41:05,664  INFO AdminService,main:55 - Approving student
19:41:05,666  INFO AdminDaoOperation,main:117 - Student Self Registration approved
19:41:05,667  INFO NotificationService,main:24 - Sending notification
19:41:05,790  INFO NotificationDaoOperation,main:46 - Notification Sent
19:43:33,578  INFO UserService,main:33 - Verifying User
19:43:33,605  INFO StudentDaoOperation,main:42 - User Verified
19:43:38,633  INFO AdminService,main:55 - Approving student
19:43:38,634 ERROR AdminDaoOperation,main:89 - Exception Student with id : 101 could not be approved
19:44:44,297  INFO UserService,main:33 - Verifying User
19:44:44,317  INFO StudentDaoOperation,main:42 - User Verified
19:44:51,785  INFO AdminService,main:55 - Approving student
19:44:51,788 ERROR AdminDaoOperation,main:89 - Exception Student with id : 101 could not be found / approved
19:45:05,933  INFO AdminService,main:71 - Showing courses from the course catalogue
19:46:32,125  INFO UserService,main:33 - Verifying User
19:46:32,153  INFO StudentDaoOperation,main:42 - User Verified
19:46:34,847  INFO AdminService,main:71 - Showing courses from the course catalogue
19:46:34,849  INFO AdminDaoOperation,main:230 - No courses found in course catalogue
19:46:57,104  INFO UserService,main:33 - Verifying User
19:46:57,129  INFO StudentDaoOperation,main:42 - User Verified
19:46:59,213  INFO AdminService,main:71 - Showing courses from the course catalogue
19:46:59,214  INFO AdminDaoOperation,main:230 - No courses found in course catalogue

19:47:05,523  INFO AdminService,main:80 - Showing Selected Courses
19:47:05,526 ERROR AdminDaoOperation,main:221 - Exception Student with id : 101 is not registered for any course
19:47:45,315  INFO UserService,main:33 - Verifying User
19:47:45,341  INFO StudentDaoOperation,main:42 - User Verified
19:47:49,331  INFO AdminService,main:80 - Showing Selected Courses
19:47:49,333 ERROR AdminDaoOperation,main:221 - Exception Student with id : 101 is not registered for any course
19:48:51,532  INFO AdminService,main:103 - Viewing student data
19:48:51,536 ERROR AdminDaoOperation,main:312 - Exception Student with id : 101 cannot be found
20:24:58,889  INFO UserService,main:33 - Verifying User
20:24:58,908  INFO StudentDaoOperation,main:42 - User Verified
20:25:05,345  INFO AdminService,main:103 - Viewing student data
20:25:05,353 ERROR AdminDaoOperation,main:312 - Exception Student with id : 101 cannot be found
20:25:13,850  INFO AdminService,main:39 - Deleting course in the course-catalogue
20:25:13,856  INFO AdminDaoOperation,main:70 - Course Deleted
20:29:42,579  INFO UserService,main:33 - Verifying User
20:29:42,598  INFO StudentDaoOperation,main:42 - User Verified
20:29:53,906  INFO AdminService,main:31 - Adding course in the course-catalogue
20:29:53,914 ERROR AdminDaoOperation,main:53 - Exception Field 'PId' doesn't have a default value
20:29:53,915 ERROR AdminDaoOperation,main:55 - Exception Course with courseId : 102 cannot be added
20:30:05,023  INFO AdminService,main:39 - Deleting course in the course-catalogue
20:30:05,024  INFO AdminDaoOperation,main:70 - Course Deleted
20:30:26,877  INFO AdminService,main:47 - Adding professor
20:30:26,885  INFO AdminDaoOperation,main:94 - Professor Added 
20:30:26,886  INFO AdminService,main:139 - Adding a new user
20:30:26,889  INFO AdminDaoOperation,main:491 - User Added
20:30:36,630  INFO AdminService,main:63 - Showing pending approvals of students semester registration
20:30:36,632  INFO AdminDaoOperation,main:221 - No pending Approval Requests
20:30:44,497  INFO AdminService,main:55 - Approving student
20:30:44,498 ERROR AdminDaoOperation,main:89 - Exception Student with id : 202 could not be found / approved
20:30:52,849  INFO AdminService,main:71 - Showing courses from the course catalogue
20:30:52,851  INFO AdminDaoOperation,main:235 - No courses found in course catalogue

20:31:02,366  INFO AdminService,main:80 - Showing Selected Courses
20:31:02,373 ERROR AdminDaoOperation,main:221 - Exception Student with id : 189 is not registered for any course
20:31:08,132  INFO AdminService,main:103 - Viewing student data
20:31:08,134 ERROR AdminDaoOperation,main:312 - Exception Student with id : 139 cannot be found
22:06:08,706  INFO UserService,main:33 - Verifying User
22:06:08,729  INFO StudentDaoOperation,main:42 - User Verified
22:06:08,730  INFO UserService,main:47 - Verifying Approval
22:06:44,130  INFO UserService,main:33 - Verifying User
22:06:44,131  INFO StudentDaoOperation,main:42 - User Verified
22:06:44,132  INFO UserService,main:47 - Verifying Approval
22:06:47,640  INFO NotificationService,main:35 - Displaying notification 
22:08:52,085  INFO UserService,main:33 - Verifying User
22:08:52,106  INFO StudentDaoOperation,main:42 - User Verified
22:08:52,107  INFO UserService,main:47 - Verifying Approval
22:08:54,918  INFO NotificationService,main:35 - Displaying notification 
22:09:19,289  INFO UserService,main:33 - Verifying User
22:09:19,309  INFO StudentDaoOperation,main:42 - User Verified
22:09:19,310  INFO UserService,main:47 - Verifying Approval
22:09:21,093  INFO NotificationService,main:35 - Displaying notification 
22:09:23,829  INFO AdminService,main:103 - Viewing student data
22:09:23,832  INFO AdminService,main:109 - Activating grade card
22:09:23,835 ERROR AdminDaoOperation,main:351 - Exception Student with id : 116 is not registered for any course
22:10:35,675  INFO UserService,main:33 - Verifying User
22:10:35,699  INFO StudentDaoOperation,main:42 - User Verified
22:10:35,699  INFO UserService,main:47 - Verifying Approval
22:10:41,463  INFO NotificationService,main:35 - Displaying notification 
22:10:41,464  INFO NotificationService,main:44 - No Notifications are Present
22:18:40,870  INFO UserService,main:33 - Verifying User
22:18:40,872  INFO StudentDaoOperation,main:42 - User Verified
22:18:40,872  INFO UserService,main:47 - Verifying Approval
22:18:44,415  INFO PaymentService,main:29 - Displaying menu
22:18:44,416  INFO RegisteredCoursesService,main:44 - Showing status
22:19:05,928  INFO AdminService,main:103 - Viewing student data
22:19:05,931  INFO AdminService,main:109 - Activating grade card
22:19:05,933 ERROR AdminDaoOperation,main:351 - Exception Student with id : 101 is not registered for any course
00:44:41,038  INFO CRSApplication,main:66 - ----------Welcome to Course Management System---------
00:44:41,044  INFO CRSApplication,main:67 - 1. Login
00:44:41,044  INFO CRSApplication,main:68 - 2. Student Registration
00:44:41,044  INFO CRSApplication,main:69 - 3. UpdatePassword
00:44:41,045  INFO CRSApplication,main:70 - 4. Exit
00:44:41,045  INFO CRSApplication,main:71 - Enter user input
00:44:46,166  INFO CRSApplication,main:101 - -----------------Login Menu------------------
00:44:46,167  INFO CRSApplication,main:103 - Enter id 
00:44:52,076  INFO CRSApplication,main:106 - Enter password
00:45:11,926  INFO UserService,main:44 - Verifying User
00:45:11,945  INFO StudentDaoOperation,main:47 - User Verified
00:45:11,965  INFO UserService,main:68 - Verifying Approval
00:45:11,971  INFO CRSApplication,main:121 - Student Has Logged In at : 2022-01-29T00:45:11.964715 ->  Login Successful
00:45:28,591  INFO AdminService,main:103 - Viewing student data
00:45:28,593  INFO AdminService,main:109 - Activating grade card
00:45:28,600 ERROR AdminDaoOperation,main:376 - Exception Student with id : 101 is not registered for any course
00:45:39,780  INFO RegisteredCoursesService,main:36 - Showing approved Courses
00:45:55,827  INFO RegisteredCoursesService,main:31 - Getting selected courses
00:45:55,854  INFO SemesterRegistrationService,main:32 - Adding course
00:46:00,639  INFO PaymentDaoOperations,main:75 - Course added successfully!
00:46:16,624  INFO AdminService,main:103 - Viewing student data
00:46:16,636  INFO AdminService,main:109 - Activating grade card
00:46:16,637 ERROR AdminDaoOperation,main:376 - Exception Student with id : 101 is not registered for any course
00:46:28,037  INFO NotificationService,main:51 - Displaying notification 
00:46:31,104  INFO PaymentService,main:33 - Displaying menu
00:46:31,105  INFO RegisteredCoursesService,main:44 - Showing status
00:46:35,296  INFO CRSApplication,main:66 - ----------Welcome to Course Management System---------
00:46:35,297  INFO CRSApplication,main:67 - 1. Login
00:46:35,297  INFO CRSApplication,main:68 - 2. Student Registration
00:46:35,297  INFO CRSApplication,main:69 - 3. UpdatePassword
00:46:35,298  INFO CRSApplication,main:70 - 4. Exit
00:46:35,298  INFO CRSApplication,main:71 - Enter user input
00:46:36,931  INFO CRSApplication,main:101 - -----------------Login Menu------------------
00:46:36,932  INFO CRSApplication,main:103 - Enter id 
00:46:56,581  INFO CRSApplication,main:106 - Enter password
00:47:00,313  INFO UserService,main:44 - Verifying User
00:47:00,314  INFO StudentDaoOperation,main:47 - User Verified
00:47:00,314  INFO CRSApplication,main:132 - Professor Has Logged In at : 2022-01-29T00:47:00.314828 ->  Login Successful
00:47:13,363  INFO ProfessorService,main:31 - Selecting the course
00:47:13,370 ERROR ProfessorDaoOperation,main:52 - Course does not exist or already been taken
00:47:13,370 ERROR ProfessorDaoOperation,main:63 - Exception:Course with courseid : 101 is not found
00:47:27,287  INFO ProfessorService,main:73 - Showing Courses
00:47:31,053  INFO CRSApplication,main:66 - ----------Welcome to Course Management System---------
00:47:31,053  INFO CRSApplication,main:67 - 1. Login
00:47:31,054  INFO CRSApplication,main:68 - 2. Student Registration
00:47:31,054  INFO CRSApplication,main:69 - 3. UpdatePassword
00:47:31,054  INFO CRSApplication,main:70 - 4. Exit
00:47:31,054  INFO CRSApplication,main:71 - Enter user input
00:48:04,037  INFO CRSApplication,main:101 - -----------------Login Menu------------------
00:48:04,038  INFO CRSApplication,main:103 - Enter id 
00:49:24,867  INFO CRSApplication,main:106 - Enter password
00:49:26,050  INFO UserService,main:44 - Verifying User
00:49:26,051  INFO StudentDaoOperation,main:47 - User Verified
00:49:26,051  INFO CRSApplication,main:138 - Admin Has Logged In at : 2022-01-29T00:49:26.051773900 ->  Login Successful
00:49:34,621  INFO AdminService,main:31 - Adding course in the course-catalogue
00:49:34,640 ERROR AdminDaoOperation,main:54 - Exception Field 'PId' doesn't have a default value
00:49:34,640 ERROR AdminDaoOperation,main:55 - Exception Course with courseId : 102 cannot be added
00:49:52,245  INFO AdminService,main:47 - Adding professor
00:49:52,251  INFO AdminDaoOperation,main:101 - Professor Added 
00:49:52,251  INFO AdminService,main:139 - Adding a new user
00:49:52,253  INFO AdminDaoOperation,main:516 - User Added
00:49:56,854  INFO AdminService,main:63 - Showing pending approvals of students semester registration
00:49:56,855  INFO AdminDaoOperation,main:221 - No pending Approval Requests
00:50:05,608  INFO AdminService,main:55 - Approving student
00:50:05,609  INFO AdminDaoOperation,main:128 - Student Self Registration approved
00:50:05,609  INFO NotificationService,main:39 - Sending notification
00:50:05,667  INFO NotificationDaoOperation,main:50 - Notification Sent
00:50:12,478  INFO AdminService,main:71 - Showing courses from the course catalogue
00:50:12,483  INFO AdminDaoOperation,main:235 - No courses found in course catalogue

00:50:16,057  INFO AdminService,main:80 - Showing Selected Courses
00:50:23,740  INFO AdminService,main:103 - Viewing student data
00:50:23,741  INFO AdminService,main:109 - Activating grade card
00:50:23,743 ERROR AdminDaoOperation,main:376 - Exception Student with id : 101 is not registered for any course
00:54:11,086  INFO CRSApplication,main:66 - ----------Welcome to Course Management System---------
00:54:11,088  INFO CRSApplication,main:67 - 1. Login
00:54:11,088  INFO CRSApplication,main:68 - 2. Student Registration
00:54:11,088  INFO CRSApplication,main:69 - 3. UpdatePassword
00:54:11,088  INFO CRSApplication,main:70 - 4. Exit
00:54:11,089  INFO CRSApplication,main:71 - Enter user input
00:54:13,188  INFO CRSApplication,main:101 - -----------------Login Menu------------------
00:54:13,188  INFO CRSApplication,main:103 - Enter id 
00:54:14,820  INFO CRSApplication,main:106 - Enter password
00:54:15,353  INFO UserService,main:44 - Verifying User
00:54:15,369  INFO StudentDaoOperation,main:47 - User Verified
00:54:15,377  INFO CRSApplication,main:138 - Admin Has Logged In at : 2022-01-29T00:54:15.377726300 ->  Login Successful
00:54:18,714  INFO AdminService,main:103 - Viewing student data
00:54:18,716  INFO AdminService,main:109 - Activating grade card
00:54:18,718 ERROR AdminDaoOperation,main:376 - Exception Student with id : 101 is not registered for any course
00:54:35,400  INFO CRSApplication,main:66 - ----------Welcome to Course Management System---------
00:54:35,400  INFO CRSApplication,main:67 - 1. Login
00:54:35,401  INFO CRSApplication,main:68 - 2. Student Registration
00:54:35,401  INFO CRSApplication,main:69 - 3. UpdatePassword
00:54:35,402  INFO CRSApplication,main:70 - 4. Exit
00:54:35,402  INFO CRSApplication,main:71 - Enter user input
00:54:37,920  INFO CRSApplication,main:101 - -----------------Login Menu------------------
00:54:37,921  INFO CRSApplication,main:103 - Enter id 
10:47:15,336  INFO CRSApplication,main:66 - ----------Welcome to Course Management System---------
10:47:15,343  INFO CRSApplication,main:67 - 1. Login
10:47:15,344  INFO CRSApplication,main:68 - 2. Student Registration
10:47:15,345  INFO CRSApplication,main:69 - 3. UpdatePassword
10:47:15,345  INFO CRSApplication,main:70 - 4. Exit
10:47:15,346  INFO CRSApplication,main:71 - Enter user input
10:47:18,167  INFO CRSApplication,main:101 - -----------------Login Menu------------------
10:47:18,168  INFO CRSApplication,main:103 - Enter id 
11:09:35,073  INFO CRSApplication,main:73 - ----------Welcome to Course Management System---------
11:09:35,075  INFO CRSApplication,main:74 - 1. Login
11:09:35,076  INFO CRSApplication,main:75 - 2. Student Registration
11:09:35,077  INFO CRSApplication,main:76 - 3. UpdatePassword
11:09:35,077  INFO CRSApplication,main:77 - 4. Exit
11:09:35,078  INFO CRSApplication,main:78 - Enter user input
11:09:49,603  INFO CRSApplication,main:62 - Invalid Input
11:09:49,603  INFO CRSApplication,main:73 - ----------Welcome to Course Management System---------
11:09:49,604  INFO CRSApplication,main:74 - 1. Login
11:09:49,604  INFO CRSApplication,main:75 - 2. Student Registration
11:09:49,604  INFO CRSApplication,main:76 - 3. UpdatePassword
11:09:49,604  INFO CRSApplication,main:77 - 4. Exit
11:09:49,604  INFO CRSApplication,main:78 - Enter user input
11:09:52,096  INFO CRSApplication,main:114 - -----------------Login Menu------------------
11:09:52,097  INFO CRSApplication,main:116 - Enter id 
11:09:53,440  INFO CRSApplication,main:119 - Enter password
11:09:54,233  INFO UserService,main:44 - Verifying User
11:09:54,244  INFO StudentDaoOperation,main:47 - User Verified
11:09:54,263  INFO CRSApplication,main:151 - Admin Has Logged In at : 2022-01-31T11:09:54.263003900 ->  Login Successful
11:10:01,593  INFO AdminService,main:31 - Adding course in the course-catalogue
11:10:01,605 ERROR AdminDaoOperation,main:54 - Exception Field 'PId' doesn't have a default value
11:10:01,605 ERROR AdminDaoOperation,main:55 - Exception Course with courseId : 101 cannot be added
11:10:09,576  INFO AdminService,main:39 - Deleting course in the course-catalogue
11:10:09,577  INFO AdminDaoOperation,main:74 - Course Deleted
11:11:15,213  INFO CRSApplication,main:73 - ----------Welcome to Course Management System---------
11:11:15,215  INFO CRSApplication,main:74 - 1. Login
11:11:15,215  INFO CRSApplication,main:75 - 2. Student Registration
11:11:15,216  INFO CRSApplication,main:76 - 3. UpdatePassword
11:11:15,216  INFO CRSApplication,main:77 - 4. Exit
11:11:15,216  INFO CRSApplication,main:78 - Enter user input
11:11:41,495  INFO CRSApplication,main:114 - -----------------Login Menu------------------
11:11:41,495  INFO CRSApplication,main:116 - Enter id 
11:11:43,286  INFO CRSApplication,main:119 - Enter password
11:11:45,800  INFO UserService,main:44 - Verifying User
11:11:45,811  INFO StudentDaoOperation,main:47 - User Verified
11:11:45,821  INFO CRSApplication,main:145 - Professor Has Logged In at : 2022-01-31T11:11:45.820680400 ->  Login Successful
11:11:53,976  INFO ProfessorService,main:31 - Selecting the course
11:11:53,977 ERROR ProfessorDaoOperation,main:52 - Course does not exist or already been taken
11:11:53,978 ERROR ProfessorDaoOperation,main:63 - Exception:Course with courseid : 101 is not found
11:12:00,842  INFO ProfessorService,main:73 - Showing Courses
11:20:17,306  INFO CRSApplication,main:73 - ----------Welcome to Course Management System---------
11:20:17,308  INFO CRSApplication,main:74 - 1. Login
11:20:17,309  INFO CRSApplication,main:75 - 2. Student Registration
11:20:17,309  INFO CRSApplication,main:76 - 3. UpdatePassword
11:20:17,310  INFO CRSApplication,main:77 - 4. Exit
11:20:17,310  INFO CRSApplication,main:78 - Enter user input
11:20:19,040  INFO CRSApplication,main:114 - -----------------Login Menu------------------
11:20:19,041  INFO CRSApplication,main:116 - Enter id 
11:20:20,875  INFO CRSApplication,main:119 - Enter password
11:20:23,129  INFO UserService,main:44 - Verifying User
11:20:23,141  INFO StudentDaoOperation,main:47 - User Verified
11:20:23,150  INFO CRSApplication,main:145 - Professor Has Logged In at : 2022-01-31T11:20:23.149028100 ->  Login Successful
11:20:25,369  INFO ProfessorService,main:74 - Showing Courses
11:20:48,443  INFO ProfessorService,main:74 - Showing Courses
11:20:48,444 ERROR ProfessorApplication,main:70 - Exception: No courses found in the database
11:21:32,476  INFO ProfessorService,main:32 - Selecting the course
11:21:32,483  INFO ProfessorDaoOperation,main:57 - Course has been added Successfully
11:21:53,901  INFO ProfessorService,main:42 - Viewing Registered Course
11:22:08,851  INFO ProfessorService,main:42 - Viewing Registered Course
11:27:08,700  INFO ProfessorService,main:42 - Viewing Registered Course
11:28:41,382  INFO CRSApplication,main:73 - ----------Welcome to Course Management System---------
11:28:41,384  INFO CRSApplication,main:74 - 1. Login
11:28:41,384  INFO CRSApplication,main:75 - 2. Student Registration
11:28:41,385  INFO CRSApplication,main:76 - 3. UpdatePassword
11:28:41,385  INFO CRSApplication,main:77 - 4. Exit
11:28:41,385  INFO CRSApplication,main:78 - Enter user input
11:28:42,916  INFO CRSApplication,main:114 - -----------------Login Menu------------------
11:28:42,916  INFO CRSApplication,main:116 - Enter id 
11:28:45,133  INFO CRSApplication,main:119 - Enter password
11:28:46,587  INFO UserService,main:44 - Verifying User
11:28:46,597  INFO StudentDaoOperation,main:47 - User Verified
11:28:46,606  INFO CRSApplication,main:145 - Professor Has Logged In at : 2022-01-31T11:28:46.605769100 ->  Login Successful
11:28:48,470  INFO ProfessorService,main:42 - Viewing Registered Course
11:28:48,471  INFO ProfessorApplication,main:53 - Exception: Professor with id: 103 has no registered courses
11:29:03,455  INFO ProfessorService,main:67 - Adding grades of the student
11:29:03,464 ERROR ProfessorDaoOperation,main:163 - Student does not exist / does not take the course 

11:29:10,370  INFO ProfessorService,main:77 - Showing Courses
11:29:10,371 ERROR ProfessorApplication,main:75 - Exception: No courses found in the database
11:29:17,786  INFO ProfessorService,main:100 - Viewing Registered Courses
11:29:17,788 ERROR ProfessorDaoOperation,main:234 - Professor Not Registered for given Course
11:29:40,351  INFO ProfessorService,main:100 - Viewing Registered Courses
11:29:57,171  INFO ProfessorService,main:67 - Adding grades of the student
11:29:57,172 ERROR ProfessorDaoOperation,main:163 - Student does not exist / does not take the course 

11:46:45,284  INFO CRSApplication,main:73 - ----------Welcome to Course Management System---------
11:46:45,286  INFO CRSApplication,main:74 - 1. Login
11:46:45,286  INFO CRSApplication,main:75 - 2. Student Registration
11:46:45,287  INFO CRSApplication,main:76 - 3. UpdatePassword
11:46:45,288  INFO CRSApplication,main:77 - 4. Exit
11:46:45,288  INFO CRSApplication,main:78 - Enter user input
11:46:47,349  INFO CRSApplication,main:114 - -----------------Login Menu------------------
11:46:47,350  INFO CRSApplication,main:116 - Enter id 
11:46:49,989  INFO CRSApplication,main:119 - Enter password
11:46:54,038  INFO UserService,main:44 - Verifying User
11:46:54,077  INFO StudentDaoOperation,main:47 - User Verified
11:46:54,099  INFO CRSApplication,main:145 - Professor Has Logged In at : 2022-01-31T11:46:54.098542800 ->  Login Successful
11:46:58,819  INFO ProfessorService,main:101 - Viewing Registered Courses
11:46:58,837  INFO ProfessorService,main:106 - Exception : No students are registered for course with id : 103
11:47:27,060  INFO CRSApplication,main:73 - ----------Welcome to Course Management System---------
11:47:27,064  INFO CRSApplication,main:74 - 1. Login
11:47:27,064  INFO CRSApplication,main:75 - 2. Student Registration
11:47:27,065  INFO CRSApplication,main:76 - 3. UpdatePassword
11:47:27,065  INFO CRSApplication,main:77 - 4. Exit
11:47:27,065  INFO CRSApplication,main:78 - Enter user input
11:47:30,162  INFO CRSApplication,main:114 - -----------------Login Menu------------------
11:47:30,163  INFO CRSApplication,main:116 - Enter id 
11:48:29,997  INFO CRSApplication,main:119 - Enter password
11:48:32,285  INFO UserService,main:44 - Verifying User
11:48:32,339  INFO StudentDaoOperation,main:47 - User Verified
11:48:32,369  INFO UserService,main:68 - Verifying Approval
11:48:32,377  INFO CRSApplication,main:134 - Student Has Logged In at : 2022-01-31T11:48:32.368582700 ->  Login Successful
11:48:35,317  INFO RegisteredCoursesService,main:36 - Showing approved Courses
11:48:36,844  INFO RegisteredCoursesService,main:31 - Getting selected courses
11:48:36,862  INFO SemesterRegistrationService,main:32 - Adding course
11:48:40,135  INFO PaymentDaoOperations,main:75 - Course added successfully!
11:48:45,021  INFO RegisteredCoursesService,main:31 - Getting selected courses
11:48:45,052  INFO SemesterRegistrationService,main:32 - Adding course
11:48:59,636  INFO RegisteredCoursesService,main:31 - Getting selected courses
11:48:59,654  INFO SemesterRegistrationService,main:32 - Adding course
11:49:02,524  INFO PaymentDaoOperations,main:75 - Course added successfully!
15:40:51,461  INFO CRSApplication,main:73 - ----------Welcome to Course Management System---------
15:40:51,515  INFO CRSApplication,main:74 - 1. Login
15:40:51,517  INFO CRSApplication,main:75 - 2. Student Registration
15:40:51,518  INFO CRSApplication,main:76 - 3. UpdatePassword
15:40:51,519  INFO CRSApplication,main:77 - 4. Exit
15:40:51,519  INFO CRSApplication,main:78 - Enter user input
15:40:52,726  INFO CRSApplication,main:114 - -----------------Login Menu------------------
15:40:52,727  INFO CRSApplication,main:116 - Enter id 
15:40:54,749  INFO CRSApplication,main:119 - Enter password
15:40:55,273  INFO UserService,main:44 - Verifying User
15:40:55,399  INFO StudentDaoOperation,main:47 - User Verified
15:40:55,402  INFO CRSApplication,main:151 - Admin Has Logged In at : 2022-01-31T15:40:55.401495200 ->  Login Successful
15:41:01,389  INFO AdminService,main:63 - Showing pending approvals of students semester registration
15:41:23,751  INFO AdminService,main:63 - Showing pending approvals of students semester registration
15:41:23,754  INFO AdminDaoOperation,main:221 - No pending Approval Requests
15:41:45,726  INFO AdminService,main:55 - Approving student
15:41:45,753  INFO AdminDaoOperation,main:128 - Student Self Registration approved
15:41:45,757  INFO NotificationService,main:39 - Sending notification
15:41:46,017  INFO NotificationDaoOperation,main:50 - Notification Sent
15:41:53,076  INFO AdminService,main:55 - Approving student
15:41:53,082 ERROR AdminDaoOperation,main:89 - Exception Student could not be found / approved
15:42:06,579  INFO AdminService,main:71 - Showing courses from the course catalogue
15:42:06,601  INFO AdminDaoOperation,main:236 - No courses found in course catalogue

15:42:18,239  INFO AdminService,main:80 - Showing Selected Courses
15:42:18,254  INFO AdminService,main:95 - Updating Student Registration
15:42:18,261  INFO NotificationService,main:39 - Sending notification
15:42:18,275  INFO NotificationDaoOperation,main:50 - Notification Sent
15:42:42,579  INFO AdminService,main:103 - Viewing student data
15:42:42,584  INFO AdminService,main:109 - Activating grade card
15:42:42,600  INFO AdminDaoOperation,main:362 - Grade Card Activated
15:42:42,601  INFO AdminService,main:115 - Approving student registration
15:42:42,605  INFO AdminDaoOperation,main:386 - Sem Registeration Approved
15:42:52,676  INFO CRSApplication,main:73 - ----------Welcome to Course Management System---------
15:42:52,676  INFO CRSApplication,main:74 - 1. Login
15:42:52,677  INFO CRSApplication,main:75 - 2. Student Registration
15:42:52,677  INFO CRSApplication,main:76 - 3. UpdatePassword
15:42:52,678  INFO CRSApplication,main:77 - 4. Exit
15:42:52,678  INFO CRSApplication,main:78 - Enter user input
15:43:22,514  INFO CRSApplication,main:114 - -----------------Login Menu------------------
15:43:22,514  INFO CRSApplication,main:116 - Enter id 
15:43:25,331  INFO CRSApplication,main:119 - Enter password
15:43:32,018  INFO UserService,main:44 - Verifying User
15:43:32,030  INFO StudentDaoOperation,main:47 - User Verified
15:43:32,030  INFO UserService,main:68 - Verifying Approval
15:43:32,034 ERROR StudentDaoOperation,main:120 - Exceptionuser with id : 101  could not be verified
15:43:32,034  WARN CRSApplication,main:138 - Failed to login, you have not been approved by the administration!
15:43:32,035  INFO CRSApplication,main:73 - ----------Welcome to Course Management System---------
15:43:32,035  INFO CRSApplication,main:74 - 1. Login
15:43:32,035  INFO CRSApplication,main:75 - 2. Student Registration
15:43:32,036  INFO CRSApplication,main:76 - 3. UpdatePassword
15:43:32,036  INFO CRSApplication,main:77 - 4. Exit
15:43:32,036  INFO CRSApplication,main:78 - Enter user input
15:43:51,763  INFO CRSApplication,main:114 - -----------------Login Menu------------------
15:43:51,763  INFO CRSApplication,main:116 - Enter id 
15:43:53,307  INFO CRSApplication,main:119 - Enter password
15:43:53,728  INFO UserService,main:44 - Verifying User
15:43:53,730  INFO StudentDaoOperation,main:47 - User Verified
15:43:53,730  INFO CRSApplication,main:151 - Admin Has Logged In at : 2022-01-31T15:43:53.730322800 ->  Login Successful
15:43:57,674  INFO AdminService,main:55 - Approving student
15:43:57,681  INFO AdminDaoOperation,main:128 - Student Self Registration approved
15:43:57,682  INFO NotificationService,main:39 - Sending notification
15:43:57,684  INFO NotificationDaoOperation,main:50 - Notification Sent
15:44:01,380  INFO CRSApplication,main:73 - ----------Welcome to Course Management System---------
15:44:01,380  INFO CRSApplication,main:74 - 1. Login
15:44:01,381  INFO CRSApplication,main:75 - 2. Student Registration
15:44:01,381  INFO CRSApplication,main:76 - 3. UpdatePassword
15:44:01,381  INFO CRSApplication,main:77 - 4. Exit
15:44:01,382  INFO CRSApplication,main:78 - Enter user input
15:44:02,548  INFO CRSApplication,main:114 - -----------------Login Menu------------------
15:44:02,548  INFO CRSApplication,main:116 - Enter id 
15:44:04,787  INFO CRSApplication,main:119 - Enter password
15:44:06,679  INFO UserService,main:44 - Verifying User
15:44:06,680  INFO StudentDaoOperation,main:47 - User Verified
15:44:06,680  INFO UserService,main:68 - Verifying Approval
15:44:06,682  INFO CRSApplication,main:134 - Student Has Logged In at : 2022-01-31T15:44:06.680726100 ->  Login Successful
15:44:08,423  INFO PaymentService,main:33 - Displaying menu
15:44:08,425  INFO RegisteredCoursesService,main:44 - Showing status
15:44:11,226  INFO PaymentService,main:65 - Online-payment method
15:44:15,450  INFO PaymentDaoOperations,main:42 - Fee Payment Done
15:44:15,450  INFO RegisteredCoursesService,main:51 - Updating status
15:44:15,463  INFO PaymentDaoOperations,main:217 - Status Updated
15:44:15,464  INFO NotificationService,main:39 - Sending notification
15:44:15,540 ERROR NotificationDaoOperation,main:55 - ExceptionData truncation: Data too long for column 'Message' at row 1
15:44:36,736  INFO AdminService,main:103 - Viewing student data
15:44:36,738  INFO AdminService,main:109 - Activating grade card
15:44:36,739  INFO AdminDaoOperation,main:362 - Grade Card Activated
15:44:43,433  INFO NotificationService,main:51 - Displaying notification 
17:19:36,717  INFO CRSApplication,main:73 - ----------Welcome to Course Management System---------
17:19:36,720  INFO CRSApplication,main:74 - 1. Login
17:19:36,720  INFO CRSApplication,main:75 - 2. Student Registration
17:19:36,721  INFO CRSApplication,main:76 - 3. UpdatePassword
17:19:36,721  INFO CRSApplication,main:77 - 4. Exit
17:19:36,722  INFO CRSApplication,main:78 - Enter user input
17:19:38,767  INFO CRSApplication,main:114 - -----------------Login Menu------------------
17:19:38,767  INFO CRSApplication,main:116 - Enter id 
17:19:48,038  INFO CRSApplication,main:119 - Enter password
17:19:50,005  INFO UserService,main:44 - Verifying User
17:19:50,027  INFO StudentDaoOperation,main:47 - User Verified
17:19:50,059  INFO UserService,main:68 - Verifying Approval
17:19:50,065  INFO CRSApplication,main:134 - Student Has Logged In at : 2022-01-31T17:19:50.058367200 ->  Login Successful
17:19:52,792  INFO AdminService,main:110 - Viewing student data
17:19:52,794  INFO AdminService,main:116 - Activating grade card
17:19:52,801  INFO AdminDaoOperation,main:388 - Grade Card Activated
17:20:07,227  INFO NotificationService,main:51 - Displaying notification 
17:20:10,681  INFO PaymentService,main:33 - Displaying menu
17:20:10,682  INFO RegisteredCoursesService,main:44 - Showing status
17:20:16,727  INFO PaymentService,main:89 - Offline payment mehthod
17:20:20,602 ERROR PaymentDaoOperations,main:47 - ExceptionNo operations allowed after connection closed.
17:20:53,077  INFO CRSApplication,main:73 - ----------Welcome to Course Management System---------
17:20:53,077  INFO CRSApplication,main:74 - 1. Login
17:20:53,077  INFO CRSApplication,main:75 - 2. Student Registration
17:20:53,078  INFO CRSApplication,main:76 - 3. UpdatePassword
17:20:53,078  INFO CRSApplication,main:77 - 4. Exit
17:20:53,078  INFO CRSApplication,main:78 - Enter user input
17:20:58,435  INFO CRSApplication,main:85 - Enter Id:
17:21:01,796  INFO CRSApplication,main:88 - Enter Name:
17:21:06,508  INFO CRSApplication,main:91 - Enter Password:
17:21:10,105  INFO CRSApplication,main:94 - Enter Branch:
17:21:14,536  INFO StudentDaoOperation,main:57 - Student has signed up
17:21:14,537  INFO CRSApplication,main:103 - Thankyou For Registration, Wait for the Admin Approval
17:21:14,537  INFO CRSApplication,main:73 - ----------Welcome to Course Management System---------
17:21:14,538  INFO CRSApplication,main:74 - 1. Login
17:21:14,538  INFO CRSApplication,main:75 - 2. Student Registration
17:21:14,538  INFO CRSApplication,main:76 - 3. UpdatePassword
17:21:14,538  INFO CRSApplication,main:77 - 4. Exit
17:21:14,539  INFO CRSApplication,main:78 - Enter user input
17:21:17,578  INFO CRSApplication,main:114 - -----------------Login Menu------------------
17:21:17,578  INFO CRSApplication,main:116 - Enter id 
17:21:19,006  INFO CRSApplication,main:119 - Enter password
17:21:19,675  INFO UserService,main:44 - Verifying User
17:21:19,686  INFO StudentDaoOperation,main:47 - User Verified
17:21:19,686  INFO CRSApplication,main:151 - Admin Has Logged In at : 2022-01-31T17:21:19.686161500 ->  Login Successful
17:21:23,505  INFO AdminService,main:70 - Showing pending approvals of students semester registration
17:21:23,508  INFO AdminDaoOperation,main:188 - 1 Students in PendingQueue: 
17:21:28,898  INFO AdminService,main:62 - Approving student
17:21:28,904  INFO AdminDaoOperation,main:152 - Student Self Registration approved
17:21:28,905  INFO NotificationService,main:39 - Sending notification
17:21:28,950  INFO NotificationDaoOperation,main:50 - Notification Sent
17:21:28,951  INFO AdminDaoOperation,main:210 - Student Registration is being Approved

17:21:31,034  INFO CRSApplication,main:73 - ----------Welcome to Course Management System---------
17:21:31,035  INFO CRSApplication,main:74 - 1. Login
17:21:31,035  INFO CRSApplication,main:75 - 2. Student Registration
17:21:31,035  INFO CRSApplication,main:76 - 3. UpdatePassword
17:21:31,035  INFO CRSApplication,main:77 - 4. Exit
17:21:31,035  INFO CRSApplication,main:78 - Enter user input
17:21:32,610  INFO CRSApplication,main:114 - -----------------Login Menu------------------
17:21:32,611  INFO CRSApplication,main:116 - Enter id 
17:21:34,054  INFO CRSApplication,main:119 - Enter password
17:21:34,633  INFO UserService,main:44 - Verifying User
17:21:34,635  INFO StudentDaoOperation,main:47 - User Verified
17:21:34,635  INFO UserService,main:68 - Verifying Approval
17:21:34,637  INFO CRSApplication,main:134 - Student Has Logged In at : 2022-01-31T17:21:34.635019400 ->  Login Successful
17:21:36,868  INFO AdminService,main:110 - Viewing student data
17:21:36,869  INFO AdminService,main:116 - Activating grade card
17:21:36,869  INFO AdminDaoOperation,main:388 - Grade Card Activated
17:28:33,577  INFO NotificationService,main:51 - Displaying notification 
17:28:33,588  INFO NotificationService,main:61 - No Notifications are Present
17:29:07,080  INFO PaymentService,main:33 - Displaying menu
17:29:07,080  INFO RegisteredCoursesService,main:44 - Showing status
17:29:14,140  INFO RegisteredCoursesService,main:36 - Showing approved Courses
17:29:19,705  INFO SemesterRegistrationService,main:80 - Showing Course
17:29:57,140  INFO RegisteredCoursesService,main:31 - Getting selected courses
17:29:57,147  INFO SemesterRegistrationService,main:33 - Adding course
17:29:58,806 ERROR PaymentDaoOperations,main:78 - ExceptionCan not issue data manipulation statements with executeQuery().
17:29:58,823  INFO PaymentDaoOperations,main:102 - Course added successfully!
17:33:43,702  INFO SemesterRegistrationService,main:59 - Dropping Course
17:34:02,825  INFO SemesterRegistrationService,main:100 - Showing selected courses
17:37:31,199  INFO CRSApplication,main:73 - ----------Welcome to Course Management System---------
17:37:31,203  INFO CRSApplication,main:74 - 1. Login
17:37:31,204  INFO CRSApplication,main:75 - 2. Student Registration
17:37:31,204  INFO CRSApplication,main:76 - 3. UpdatePassword
17:37:31,205  INFO CRSApplication,main:77 - 4. Exit
17:37:31,205  INFO CRSApplication,main:78 - Enter user input
17:37:40,004  INFO CRSApplication,main:114 - -----------------Login Menu------------------
17:37:40,004  INFO CRSApplication,main:116 - Enter id 
17:37:41,248  INFO CRSApplication,main:119 - Enter password
17:37:41,791  INFO UserService,main:44 - Verifying User
17:37:41,803  INFO StudentDaoOperation,main:47 - User Verified
17:37:41,811  INFO UserService,main:68 - Verifying Approval
17:37:41,812  INFO CRSApplication,main:134 - Student Has Logged In at : 2022-01-31T17:37:41.811437200 ->  Login Successful
17:37:46,464  INFO RegisteredCoursesService,main:36 - Showing approved Courses
17:37:48,580  INFO SemesterRegistrationService,main:80 - Showing Course
17:37:52,475  INFO SemesterRegistrationService,main:100 - Showing selected courses
17:38:01,029  INFO SemesterRegistrationService,main:59 - Dropping Course
17:38:07,677  INFO SemesterRegistrationService,main:100 - Showing selected courses
17:38:07,684  INFO SemesterRegistrationService,main:111 - No selected courses to display
17:38:34,650  INFO CRSApplication,main:73 - ----------Welcome to Course Management System---------
17:38:34,651  INFO CRSApplication,main:74 - 1. Login
17:38:34,651  INFO CRSApplication,main:75 - 2. Student Registration
17:38:34,651  INFO CRSApplication,main:76 - 3. UpdatePassword
17:38:34,651  INFO CRSApplication,main:77 - 4. Exit
17:38:34,651  INFO CRSApplication,main:78 - Enter user input
17:38:36,366  INFO CRSApplication,main:114 - -----------------Login Menu------------------
17:38:36,366  INFO CRSApplication,main:116 - Enter id 
17:38:37,804  INFO CRSApplication,main:119 - Enter password
17:38:38,416  INFO UserService,main:44 - Verifying User
17:38:38,426  INFO StudentDaoOperation,main:47 - User Verified
17:38:38,426  INFO CRSApplication,main:151 - Admin Has Logged In at : 2022-01-31T17:38:38.426490 ->  Login Successful
17:38:46,948  INFO CRSApplication,main:73 - ----------Welcome to Course Management System---------
17:38:46,948  INFO CRSApplication,main:74 - 1. Login
17:38:46,948  INFO CRSApplication,main:75 - 2. Student Registration
17:38:46,948  INFO CRSApplication,main:76 - 3. UpdatePassword
17:38:46,949  INFO CRSApplication,main:77 - 4. Exit
17:38:46,949  INFO CRSApplication,main:78 - Enter user input
17:38:48,107  INFO CRSApplication,main:114 - -----------------Login Menu------------------
17:38:48,108  INFO CRSApplication,main:116 - Enter id 
17:38:49,275  INFO CRSApplication,main:119 - Enter password
17:38:49,841  INFO UserService,main:44 - Verifying User
17:38:49,847  INFO StudentDaoOperation,main:47 - User Verified
17:38:49,847  INFO UserService,main:68 - Verifying Approval
17:38:49,848  INFO CRSApplication,main:134 - Student Has Logged In at : 2022-01-31T17:38:49.847439100 ->  Login Successful
17:38:51,314  INFO RegisteredCoursesService,main:36 - Showing approved Courses
17:38:52,359  INFO RegisteredCoursesService,main:31 - Getting selected courses
17:38:52,370  INFO SemesterRegistrationService,main:33 - Adding course
17:38:54,679 ERROR PaymentDaoOperations,main:78 - ExceptionCan not issue data manipulation statements with executeQuery().
17:38:54,696  INFO PaymentDaoOperations,main:102 - Course added successfully!
17:39:08,076  INFO CRSApplication,main:73 - ----------Welcome to Course Management System---------
17:39:08,076  INFO CRSApplication,main:74 - 1. Login
17:39:08,076  INFO CRSApplication,main:75 - 2. Student Registration
17:39:08,076  INFO CRSApplication,main:76 - 3. UpdatePassword
17:39:08,076  INFO CRSApplication,main:77 - 4. Exit
17:39:08,076  INFO CRSApplication,main:78 - Enter user input
17:39:09,431  INFO CRSApplication,main:114 - -----------------Login Menu------------------
17:39:09,431  INFO CRSApplication,main:116 - Enter id 
17:39:12,333  INFO CRSApplication,main:119 - Enter password
17:39:13,224  INFO UserService,main:44 - Verifying User
17:39:13,230  INFO StudentDaoOperation,main:47 - User Verified
17:39:13,230  INFO CRSApplication,main:151 - Admin Has Logged In at : 2022-01-31T17:39:13.230282500 ->  Login Successful
17:39:25,077  INFO AdminService,main:87 - Showing Selected Courses
17:39:25,078  INFO AdminDaoOperation,main:287 - 
Student Has Been Registered
17:39:25,079  INFO AdminService,main:102 - Updating Student Registration
17:39:25,081  INFO NotificationService,main:39 - Sending notification
17:39:25,130  INFO NotificationDaoOperation,main:50 - Notification Sent
17:39:40,315  INFO CRSApplication,main:73 - ----------Welcome to Course Management System---------
17:39:40,316  INFO CRSApplication,main:74 - 1. Login
17:39:40,316  INFO CRSApplication,main:75 - 2. Student Registration
17:39:40,316  INFO CRSApplication,main:76 - 3. UpdatePassword
17:39:40,316  INFO CRSApplication,main:77 - 4. Exit
17:39:40,316  INFO CRSApplication,main:78 - Enter user input
17:39:41,178  INFO CRSApplication,main:114 - -----------------Login Menu------------------
17:39:41,179  INFO CRSApplication,main:116 - Enter id 
17:39:42,966  INFO CRSApplication,main:119 - Enter password
17:39:43,894  INFO UserService,main:44 - Verifying User
17:39:43,894  INFO StudentDaoOperation,main:47 - User Verified
17:39:43,894  INFO UserService,main:68 - Verifying Approval
17:39:43,895  INFO CRSApplication,main:134 - Student Has Logged In at : 2022-01-31T17:39:43.894735500 ->  Login Successful
17:39:46,892  INFO NotificationService,main:51 - Displaying notification 
17:39:57,558  INFO PaymentService,main:33 - Displaying menu
17:39:57,558  INFO RegisteredCoursesService,main:44 - Showing status
17:40:00,958  INFO PaymentService,main:65 - Online-payment method
17:40:11,486  INFO PaymentDaoOperations,main:42 - Fee Payment Done
17:40:11,486  INFO RegisteredCoursesService,main:51 - Updating status
17:40:11,505  INFO PaymentDaoOperations,main:245 - Status Updated
17:40:11,506  INFO NotificationService,main:39 - Sending notification
17:40:11,523 ERROR NotificationDaoOperation,main:55 - ExceptionData truncation: Data too long for column 'Message' at row 1
17:42:01,519  INFO CRSApplication,main:73 - ----------Welcome to Course Management System---------
17:42:01,520  INFO CRSApplication,main:74 - 1. Login
17:42:01,520  INFO CRSApplication,main:75 - 2. Student Registration
17:42:01,520  INFO CRSApplication,main:76 - 3. UpdatePassword
17:42:01,521  INFO CRSApplication,main:77 - 4. Exit
17:42:01,521  INFO CRSApplication,main:78 - Enter user input
17:42:03,267  INFO CRSApplication,main:114 - -----------------Login Menu------------------
17:42:03,267  INFO CRSApplication,main:116 - Enter id 
17:42:16,920  INFO CRSApplication,main:119 - Enter password
17:42:18,354  INFO UserService,main:44 - Verifying User
17:42:18,355  INFO StudentDaoOperation,main:47 - User Verified
17:42:18,355  INFO CRSApplication,main:145 - Professor Has Logged In at : 2022-01-31T17:42:18.355528400 ->  Login Successful
17:42:27,697  INFO ProfessorService,main:33 - Selecting the course
17:42:27,698 ERROR ProfessorDaoOperation,main:54 - Course does not exist or already been taken
17:42:27,698 ERROR ProfessorDaoOperation,main:65 - Exception:Course with courseid : 101 is not found
17:43:56,397  INFO ProfessorService,main:33 - Selecting the course
17:43:56,408  INFO ProfessorDaoOperation,main:59 - Course has been added Successfully
17:44:16,061  INFO ProfessorService,main:33 - Selecting the course
17:44:16,062 ERROR ProfessorDaoOperation,main:54 - Course does not exist or already been taken
17:44:16,062 ERROR ProfessorDaoOperation,main:65 - Exception:Course with courseid : 106 is not found
17:44:41,606  INFO ProfessorService,main:33 - Selecting the course
17:44:41,608 ERROR ProfessorDaoOperation,main:54 - Course does not exist or already been taken
17:44:41,608 ERROR ProfessorDaoOperation,main:65 - Exception:Course with courseid : 101 is not found
17:46:52,767  INFO CRSApplication,main:73 - ----------Welcome to Course Management System---------
17:46:52,771  INFO CRSApplication,main:74 - 1. Login
17:46:52,771  INFO CRSApplication,main:75 - 2. Student Registration
17:46:52,772  INFO CRSApplication,main:76 - 3. UpdatePassword
17:46:52,773  INFO CRSApplication,main:77 - 4. Exit
17:46:52,773  INFO CRSApplication,main:78 - Enter user input
17:47:03,545  INFO CRSApplication,main:114 - -----------------Login Menu------------------
17:47:03,546  INFO CRSApplication,main:116 - Enter id 
17:47:05,499  INFO CRSApplication,main:119 - Enter password
17:47:06,437  INFO UserService,main:44 - Verifying User
17:47:06,463 ERROR CRSApplication,main:157 - Invalid Credentials!
17:47:06,464  INFO CRSApplication,main:73 - ----------Welcome to Course Management System---------
17:47:06,464  INFO CRSApplication,main:74 - 1. Login
17:47:06,465  INFO CRSApplication,main:75 - 2. Student Registration
17:47:06,465  INFO CRSApplication,main:76 - 3. UpdatePassword
17:47:06,466  INFO CRSApplication,main:77 - 4. Exit
17:47:06,466  INFO CRSApplication,main:78 - Enter user input
17:47:08,976  INFO CRSApplication,main:114 - -----------------Login Menu------------------
17:47:08,977  INFO CRSApplication,main:116 - Enter id 
17:47:26,345  INFO CRSApplication,main:119 - Enter password
17:47:30,526  INFO UserService,main:44 - Verifying User
17:47:30,528  INFO StudentDaoOperation,main:47 - User Verified
17:47:30,543  INFO CRSApplication,main:145 - Professor Has Logged In at : 2022-01-31T17:47:30.542342700 ->  Login Successful
17:47:35,865  INFO ProfessorService,main:78 - Showing Courses
17:47:35,866 ERROR ProfessorApplication,main:75 - Exception: No courses found in the database
17:48:04,543  INFO ProfessorService,main:33 - Selecting the course
17:48:04,545 ERROR ProfessorDaoOperation,main:55 - Course does not exist or already been taken
17:48:04,546 ERROR ProfessorDaoOperation,main:66 - Exception : Course with id : 101  is already assigned
17:49:47,663  INFO ProfessorService,main:43 - Viewing Registered Course
17:50:45,437  INFO ProfessorService,main:68 - Adding grades of the student
17:50:45,451  INFO ProfessorDaoOperation,main:148 - Sucessfully updated marks!!
17:50:45,451 ERROR ProfessorDaoOperation,main:154 - ExceptionMarks for student with id : 101 and course with id: null cannot be added
17:51:42,238  INFO CRSApplication,main:73 - ----------Welcome to Course Management System---------
17:51:42,242  INFO CRSApplication,main:74 - 1. Login
17:51:42,242  INFO CRSApplication,main:75 - 2. Student Registration
17:51:42,244  INFO CRSApplication,main:76 - 3. UpdatePassword
17:51:42,245  INFO CRSApplication,main:77 - 4. Exit
17:51:42,246  INFO CRSApplication,main:78 - Enter user input
17:51:43,636  INFO CRSApplication,main:114 - -----------------Login Menu------------------
17:51:43,637  INFO CRSApplication,main:116 - Enter id 
17:51:47,798  INFO CRSApplication,main:119 - Enter password
17:51:55,597  INFO UserService,main:44 - Verifying User
17:51:55,608  INFO StudentDaoOperation,main:47 - User Verified
17:51:55,618  INFO CRSApplication,main:145 - Professor Has Logged In at : 2022-01-31T17:51:55.618272500 ->  Login Successful
17:52:03,174  INFO ProfessorService,main:68 - Adding grades of the student
17:52:06,542  INFO ProfessorDaoOperation,main:132 - Mark updation cancelled
17:52:24,565  INFO ProfessorService,main:101 - Viewing Registered Courses
17:52:30,502  INFO ProfessorService,main:78 - Showing Courses
17:52:30,504 ERROR ProfessorApplication,main:75 - Exception: No courses found in the database
17:52:38,264  INFO CRSApplication,main:73 - ----------Welcome to Course Management System---------
17:52:38,264  INFO CRSApplication,main:74 - 1. Login
17:52:38,265  INFO CRSApplication,main:75 - 2. Student Registration
17:52:38,265  INFO CRSApplication,main:76 - 3. UpdatePassword
17:52:38,265  INFO CRSApplication,main:77 - 4. Exit
17:52:38,265  INFO CRSApplication,main:78 - Enter user input
17:52:40,154  INFO CRSApplication,main:114 - -----------------Login Menu------------------
17:52:40,155  INFO CRSApplication,main:116 - Enter id 
17:52:42,091  INFO CRSApplication,main:119 - Enter password
17:52:42,764  INFO UserService,main:44 - Verifying User
17:52:42,765  INFO StudentDaoOperation,main:47 - User Verified
17:52:42,766  INFO CRSApplication,main:151 - Admin Has Logged In at : 2022-01-31T17:52:42.766809400 ->  Login Successful
17:52:49,156  INFO AdminService,main:110 - Viewing student data
17:52:56,624  INFO CRSApplication,main:73 - ----------Welcome to Course Management System---------
17:52:56,624  INFO CRSApplication,main:74 - 1. Login
17:52:56,625  INFO CRSApplication,main:75 - 2. Student Registration
17:52:56,625  INFO CRSApplication,main:76 - 3. UpdatePassword
17:52:56,625  INFO CRSApplication,main:77 - 4. Exit
17:52:56,626  INFO CRSApplication,main:78 - Enter user input
17:52:58,509  INFO CRSApplication,main:114 - -----------------Login Menu------------------
17:52:58,510  INFO CRSApplication,main:116 - Enter id 
17:53:04,626  INFO CRSApplication,main:119 - Enter password
17:53:21,808  INFO UserService,main:44 - Verifying User
17:53:21,809  INFO StudentDaoOperation,main:47 - User Verified
17:53:21,809  INFO UserService,main:68 - Verifying Approval
17:53:21,810  INFO CRSApplication,main:134 - Student Has Logged In at : 2022-01-31T17:53:21.809637 ->  Login Successful
17:53:25,050  INFO AdminService,main:110 - Viewing student data
17:53:25,051  INFO AdminService,main:116 - Activating grade card
17:53:25,061  INFO AdminDaoOperation,main:388 - Grade Card Activated
17:53:36,483  INFO CRSApplication,main:73 - ----------Welcome to Course Management System---------
17:53:36,484  INFO CRSApplication,main:74 - 1. Login
17:53:36,484  INFO CRSApplication,main:75 - 2. Student Registration
17:53:36,484  INFO CRSApplication,main:76 - 3. UpdatePassword
17:53:36,484  INFO CRSApplication,main:77 - 4. Exit
17:53:36,484  INFO CRSApplication,main:78 - Enter user input
17:53:37,302  INFO CRSApplication,main:114 - -----------------Login Menu------------------
17:53:37,302  INFO CRSApplication,main:116 - Enter id 
17:53:39,046  INFO CRSApplication,main:119 - Enter password
17:53:45,194  INFO UserService,main:44 - Verifying User
17:53:45,196  INFO StudentDaoOperation,main:47 - User Verified
17:53:45,197  INFO UserService,main:68 - Verifying Approval
17:53:45,199  INFO CRSApplication,main:134 - Student Has Logged In at : 2022-01-31T17:53:45.196350500 ->  Login Successful
17:53:48,939  INFO AdminService,main:110 - Viewing student data
17:53:48,941  INFO AdminService,main:116 - Activating grade card
17:53:48,941  INFO AdminDaoOperation,main:388 - Grade Card Activated
17:53:52,872  INFO AdminService,main:110 - Viewing student data
17:53:52,874  INFO AdminService,main:116 - Activating grade card
17:53:52,875  INFO AdminDaoOperation,main:388 - Grade Card Activated
17:58:13,505  INFO CRSApplication,main:73 - ----------Welcome to Course Management System---------
17:58:13,505  INFO CRSApplication,main:74 - 1. Login
17:58:13,506  INFO CRSApplication,main:75 - 2. Student Registration
17:58:13,506  INFO CRSApplication,main:76 - 3. UpdatePassword
17:58:13,506  INFO CRSApplication,main:77 - 4. Exit
17:58:13,507  INFO CRSApplication,main:78 - Enter user input
17:58:14,467  INFO CRSApplication,main:114 - -----------------Login Menu------------------
17:58:14,467  INFO CRSApplication,main:116 - Enter id 
17:58:16,047  INFO CRSApplication,main:119 - Enter password
17:58:17,371  INFO UserService,main:44 - Verifying User
17:58:17,373  INFO StudentDaoOperation,main:47 - User Verified
17:58:17,374  INFO UserService,main:68 - Verifying Approval
17:58:17,375  INFO CRSApplication,main:134 - Student Has Logged In at : 2022-01-31T17:58:17.374101700 ->  Login Successful
17:58:18,880  INFO PaymentService,main:33 - Displaying menu
17:58:18,880  INFO RegisteredCoursesService,main:44 - Showing status
17:58:22,772  INFO PaymentService,main:65 - Online-payment method
17:58:27,566  INFO PaymentDaoOperations,main:42 - Fee Payment Done
17:58:27,566  INFO RegisteredCoursesService,main:51 - Updating status
17:58:27,575  INFO PaymentDaoOperations,main:245 - Status Updated
17:58:27,576  INFO NotificationService,main:39 - Sending notification
17:58:27,648 ERROR NotificationDaoOperation,main:55 - ExceptionData truncation: Data too long for column 'Message' at row 1
17:59:52,558  INFO CRSApplication,main:73 - ----------Welcome to Course Management System---------
17:59:52,562  INFO CRSApplication,main:74 - 1. Login
17:59:52,563  INFO CRSApplication,main:75 - 2. Student Registration
17:59:52,564  INFO CRSApplication,main:76 - 3. UpdatePassword
17:59:52,565  INFO CRSApplication,main:77 - 4. Exit
17:59:52,565  INFO CRSApplication,main:78 - Enter user input
17:59:55,925  INFO CRSApplication,main:114 - -----------------Login Menu------------------
17:59:55,926  INFO CRSApplication,main:116 - Enter id 
17:59:57,321  INFO CRSApplication,main:119 - Enter password
17:59:57,755  INFO UserService,main:44 - Verifying User
17:59:57,790  INFO StudentDaoOperation,main:47 - User Verified
17:59:57,809  INFO UserService,main:68 - Verifying Approval
17:59:57,810  INFO CRSApplication,main:134 - Student Has Logged In at : 2022-01-31T17:59:57.808335900 ->  Login Successful
17:59:59,636  INFO PaymentService,main:33 - Displaying menu
17:59:59,637  INFO RegisteredCoursesService,main:44 - Showing status
18:00:01,063  INFO PaymentService,main:65 - Online-payment method
18:00:04,686  INFO PaymentDaoOperations,main:42 - Fee Payment Done
18:00:04,686  INFO RegisteredCoursesService,main:51 - Updating status
18:00:04,695  INFO PaymentDaoOperations,main:245 - Status Updated
18:01:16,896  INFO CRSApplication,main:73 - ----------Welcome to Course Management System---------
18:01:16,899  INFO CRSApplication,main:74 - 1. Login
18:01:16,900  INFO CRSApplication,main:75 - 2. Student Registration
18:01:16,901  INFO CRSApplication,main:76 - 3. UpdatePassword
18:01:16,901  INFO CRSApplication,main:77 - 4. Exit
18:01:16,901  INFO CRSApplication,main:78 - Enter user input
18:01:22,016  INFO CRSApplication,main:114 - -----------------Login Menu------------------
18:01:22,016  INFO CRSApplication,main:116 - Enter id 
18:01:23,300  INFO CRSApplication,main:119 - Enter password
18:01:24,062  INFO UserService,main:44 - Verifying User
18:01:24,078  INFO StudentDaoOperation,main:47 - User Verified
18:01:24,087  INFO UserService,main:68 - Verifying Approval
18:01:24,088  INFO CRSApplication,main:134 - Student Has Logged In at : 2022-01-31T18:01:24.087992300 ->  Login Successful
18:01:25,713  INFO PaymentService,main:33 - Displaying menu
18:01:25,714  INFO RegisteredCoursesService,main:44 - Showing status
18:01:27,975  INFO PaymentService,main:65 - Online-payment method
18:01:39,947  INFO PaymentDaoOperations,main:42 - Fee Payment Done
18:01:39,948  INFO RegisteredCoursesService,main:51 - Updating status
18:01:39,956  INFO PaymentDaoOperations,main:245 - Status Updated
18:01:39,957  INFO NotificationService,main:39 - Sending notification
18:01:39,999  INFO NotificationDaoOperation,main:50 - Notification Sent
18:02:31,537  INFO CRSApplication,main:73 - ----------Welcome to Course Management System---------
18:02:31,538  INFO CRSApplication,main:74 - 1. Login
18:02:31,538  INFO CRSApplication,main:75 - 2. Student Registration
18:02:31,538  INFO CRSApplication,main:76 - 3. UpdatePassword
18:02:31,538  INFO CRSApplication,main:77 - 4. Exit
18:02:31,538  INFO CRSApplication,main:78 - Enter user input
18:02:32,320  INFO CRSApplication,main:114 - -----------------Login Menu------------------
18:02:32,320  INFO CRSApplication,main:116 - Enter id 
18:02:34,244  INFO CRSApplication,main:119 - Enter password
18:02:35,800  INFO UserService,main:44 - Verifying User
18:02:35,801  INFO StudentDaoOperation,main:47 - User Verified
18:02:35,801  INFO UserService,main:68 - Verifying Approval
18:02:35,802  INFO CRSApplication,main:134 - Student Has Logged In at : 2022-01-31T18:02:35.801127200 ->  Login Successful
18:02:37,395  INFO PaymentService,main:33 - Displaying menu
18:02:37,396  INFO RegisteredCoursesService,main:44 - Showing status
18:02:59,735  INFO RegisteredCoursesService,main:36 - Showing approved Courses
18:03:01,157  INFO RegisteredCoursesService,main:31 - Getting selected courses
18:03:01,166  INFO SemesterRegistrationService,main:33 - Adding course
18:03:03,341 ERROR PaymentDaoOperations,main:78 - ExceptionCan not issue data manipulation statements with executeQuery().
18:03:03,367  INFO PaymentDaoOperations,main:102 - Course added successfully!
18:03:18,626  INFO CRSApplication,main:73 - ----------Welcome to Course Management System---------
18:03:18,626  INFO CRSApplication,main:74 - 1. Login
18:03:18,626  INFO CRSApplication,main:75 - 2. Student Registration
18:03:18,627  INFO CRSApplication,main:76 - 3. UpdatePassword
18:03:18,627  INFO CRSApplication,main:77 - 4. Exit
18:03:18,627  INFO CRSApplication,main:78 - Enter user input
18:03:19,471  INFO CRSApplication,main:114 - -----------------Login Menu------------------
18:03:19,471  INFO CRSApplication,main:116 - Enter id 
18:03:20,830  INFO CRSApplication,main:119 - Enter password
18:03:21,218  INFO UserService,main:44 - Verifying User
18:03:21,231  INFO StudentDaoOperation,main:47 - User Verified
18:03:21,231  INFO CRSApplication,main:151 - Admin Has Logged In at : 2022-01-31T18:03:21.231968400 ->  Login Successful
18:03:26,320  INFO AdminService,main:87 - Showing Selected Courses
18:03:26,322  INFO AdminDaoOperation,main:287 - 
Student Has Been Registered
18:03:26,322  INFO AdminService,main:102 - Updating Student Registration
18:03:26,328  INFO NotificationService,main:39 - Sending notification
18:03:26,340  INFO NotificationDaoOperation,main:50 - Notification Sent
18:03:29,707  INFO CRSApplication,main:73 - ----------Welcome to Course Management System---------
18:03:29,707  INFO CRSApplication,main:74 - 1. Login
18:03:29,707  INFO CRSApplication,main:75 - 2. Student Registration
18:03:29,707  INFO CRSApplication,main:76 - 3. UpdatePassword
18:03:29,708  INFO CRSApplication,main:77 - 4. Exit
18:03:29,708  INFO CRSApplication,main:78 - Enter user input
18:03:30,811  INFO CRSApplication,main:114 - -----------------Login Menu------------------
18:03:30,812  INFO CRSApplication,main:116 - Enter id 
18:03:32,243  INFO CRSApplication,main:119 - Enter password
18:03:33,677  INFO UserService,main:44 - Verifying User
18:03:33,678  INFO StudentDaoOperation,main:47 - User Verified
18:03:33,678  INFO UserService,main:68 - Verifying Approval
18:03:33,679  INFO CRSApplication,main:134 - Student Has Logged In at : 2022-01-31T18:03:33.678340600 ->  Login Successful
18:03:35,435  INFO PaymentService,main:33 - Displaying menu
18:03:35,436  INFO RegisteredCoursesService,main:44 - Showing status
18:03:38,372  INFO PaymentService,main:65 - Online-payment method
18:03:43,703  INFO PaymentDaoOperations,main:42 - Fee Payment Done
18:03:43,703  INFO RegisteredCoursesService,main:51 - Updating status
18:03:43,712  INFO PaymentDaoOperations,main:245 - Status Updated
18:03:43,712  INFO NotificationService,main:39 - Sending notification
18:03:43,715  INFO NotificationDaoOperation,main:50 - Notification Sent
18:19:03,305  INFO CRSApplication,main:73 - ----------Welcome to Course Management System---------
18:19:03,308  INFO CRSApplication,main:74 - 1. Login
18:19:03,309  INFO CRSApplication,main:75 - 2. Student Registration
18:19:03,309  INFO CRSApplication,main:76 - 3. UpdatePassword
18:19:03,309  INFO CRSApplication,main:77 - 4. Exit
18:19:03,310  INFO CRSApplication,main:78 - Enter user input
18:19:04,764  INFO CRSApplication,main:114 - -----------------Login Menu------------------
18:19:04,765  INFO CRSApplication,main:116 - Enter id 
18:19:06,922  INFO CRSApplication,main:119 - Enter password
18:19:08,797  INFO UserService,main:44 - Verifying User
18:19:09,148  INFO StudentDaoOperation,main:47 - User Verified
18:19:09,160  INFO UserService,main:68 - Verifying Approval
18:19:09,164  INFO CRSApplication,main:134 - Student Has Logged In at : 2022-01-31T18:19:09.160114400 ->  Login Successful
18:19:11,535  INFO PaymentService,main:33 - Displaying menu
18:19:11,535  INFO RegisteredCoursesService,main:44 - Showing status
18:19:11,549 ERROR PaymentDaoOperations,main:70 - ExceptionUnknown column 'studentid' in 'where clause'
18:19:28,788  INFO CRSApplication,main:73 - ----------Welcome to Course Management System---------
18:19:28,791  INFO CRSApplication,main:74 - 1. Login
18:19:28,792  INFO CRSApplication,main:75 - 2. Student Registration
18:19:28,792  INFO CRSApplication,main:76 - 3. UpdatePassword
18:19:28,793  INFO CRSApplication,main:77 - 4. Exit
18:19:28,794  INFO CRSApplication,main:78 - Enter user input
18:19:30,357  INFO CRSApplication,main:114 - -----------------Login Menu------------------
18:19:30,358  INFO CRSApplication,main:116 - Enter id 
18:19:31,910  INFO CRSApplication,main:119 - Enter password
18:19:32,342  INFO UserService,main:44 - Verifying User
18:19:32,909  INFO StudentDaoOperation,main:47 - User Verified
18:19:32,929  INFO UserService,main:68 - Verifying Approval
18:19:32,931  INFO CRSApplication,main:134 - Student Has Logged In at : 2022-01-31T18:19:32.929529600 ->  Login Successful
18:19:34,329  INFO PaymentService,main:33 - Displaying menu
18:19:34,330  INFO RegisteredCoursesService,main:44 - Showing status
18:19:34,340 ERROR PaymentDaoOperations,main:70 - ExceptionBefore start of result set
18:19:35,536  INFO PaymentService,main:70 - Online-payment method
18:20:34,694  INFO CRSApplication,main:73 - ----------Welcome to Course Management System---------
18:20:34,697  INFO CRSApplication,main:74 - 1. Login
18:20:34,698  INFO CRSApplication,main:75 - 2. Student Registration
18:20:34,698  INFO CRSApplication,main:76 - 3. UpdatePassword
18:20:34,698  INFO CRSApplication,main:77 - 4. Exit
18:20:34,699  INFO CRSApplication,main:78 - Enter user input
18:20:36,417  INFO CRSApplication,main:114 - -----------------Login Menu------------------
18:20:36,418  INFO CRSApplication,main:116 - Enter id 
18:20:38,533  INFO CRSApplication,main:119 - Enter password
18:20:39,454  INFO UserService,main:44 - Verifying User
18:20:39,900  INFO StudentDaoOperation,main:47 - User Verified
18:20:39,910  INFO UserService,main:68 - Verifying Approval
18:20:39,911  INFO CRSApplication,main:134 - Student Has Logged In at : 2022-01-31T18:20:39.909324400 ->  Login Successful
18:20:41,858  INFO PaymentService,main:33 - Displaying menu
18:20:41,858  INFO RegisteredCoursesService,main:44 - Showing status
18:20:41,866 ERROR PaymentDaoOperations,main:70 - ExceptionBefore start of result set
18:21:41,405  INFO CRSApplication,main:73 - ----------Welcome to Course Management System---------
18:21:41,409  INFO CRSApplication,main:74 - 1. Login
18:21:41,409  INFO CRSApplication,main:75 - 2. Student Registration
18:21:41,410  INFO CRSApplication,main:76 - 3. UpdatePassword
18:21:41,410  INFO CRSApplication,main:77 - 4. Exit
18:21:41,410  INFO CRSApplication,main:78 - Enter user input
18:21:43,788  INFO CRSApplication,main:114 - -----------------Login Menu------------------
18:21:43,788  INFO CRSApplication,main:116 - Enter id 
18:21:45,072  INFO CRSApplication,main:119 - Enter password
18:21:45,936  INFO UserService,main:44 - Verifying User
18:21:46,268  INFO StudentDaoOperation,main:47 - User Verified
18:21:46,278  INFO UserService,main:68 - Verifying Approval
18:21:46,280  INFO CRSApplication,main:134 - Student Has Logged In at : 2022-01-31T18:21:46.278700400 ->  Login Successful
18:21:47,671  INFO PaymentService,main:33 - Displaying menu
18:21:47,671  INFO RegisteredCoursesService,main:44 - Showing status
18:21:47,677  INFO PaymentService,main:42 - Fee has been paid already
18:22:24,921  INFO RegisteredCoursesService,main:36 - Showing approved Courses
18:22:29,848  INFO RegisteredCoursesService,main:36 - Showing approved Courses
18:22:33,530  INFO RegisteredCoursesService,main:36 - Showing approved Courses
18:22:47,141  INFO CRSApplication,main:73 - ----------Welcome to Course Management System---------
18:22:47,141  INFO CRSApplication,main:74 - 1. Login
18:22:47,141  INFO CRSApplication,main:75 - 2. Student Registration
18:22:47,142  INFO CRSApplication,main:76 - 3. UpdatePassword
18:22:47,142  INFO CRSApplication,main:77 - 4. Exit
18:22:47,142  INFO CRSApplication,main:78 - Enter user input
18:22:48,614  INFO CRSApplication,main:85 - Enter Id:
18:22:54,586  INFO CRSApplication,main:88 - Enter Name:
18:22:56,504  INFO CRSApplication,main:91 - Enter Password:
18:22:57,698  INFO CRSApplication,main:94 - Enter Branch:
18:22:58,587  INFO StudentDaoOperation,main:57 - Student has signed up
18:22:58,587  INFO CRSApplication,main:103 - Thankyou For Registration, Wait for the Admin Approval
18:22:58,587  INFO CRSApplication,main:73 - ----------Welcome to Course Management System---------
18:22:58,587  INFO CRSApplication,main:74 - 1. Login
18:22:58,588  INFO CRSApplication,main:75 - 2. Student Registration
18:22:58,588  INFO CRSApplication,main:76 - 3. UpdatePassword
18:22:58,588  INFO CRSApplication,main:77 - 4. Exit
18:22:58,588  INFO CRSApplication,main:78 - Enter user input
18:23:01,797  INFO CRSApplication,main:114 - -----------------Login Menu------------------
18:23:01,798  INFO CRSApplication,main:116 - Enter id 
18:23:05,110  INFO CRSApplication,main:119 - Enter password
18:23:06,016  INFO UserService,main:44 - Verifying User
18:23:06,027  INFO StudentDaoOperation,main:47 - User Verified
18:23:06,028  INFO UserService,main:68 - Verifying Approval
18:23:06,029 ERROR StudentDaoOperation,main:120 - Exceptionuser with id : 1  could not be verified
18:23:06,029  WARN CRSApplication,main:138 - Failed to login, you have not been approved by the administration!
18:23:06,029  INFO CRSApplication,main:73 - ----------Welcome to Course Management System---------
18:23:06,029  INFO CRSApplication,main:74 - 1. Login
18:23:06,030  INFO CRSApplication,main:75 - 2. Student Registration
18:23:06,030  INFO CRSApplication,main:76 - 3. UpdatePassword
18:23:06,030  INFO CRSApplication,main:77 - 4. Exit
18:23:06,031  INFO CRSApplication,main:78 - Enter user input
18:23:10,591  INFO CRSApplication,main:114 - -----------------Login Menu------------------
18:23:10,592  INFO CRSApplication,main:116 - Enter id 
18:23:12,020  INFO CRSApplication,main:119 - Enter password
18:23:12,498  INFO UserService,main:44 - Verifying User
18:23:12,499  INFO StudentDaoOperation,main:47 - User Verified
18:23:12,499  INFO CRSApplication,main:151 - Admin Has Logged In at : 2022-01-31T18:23:12.499309200 ->  Login Successful
18:23:14,337  INFO AdminService,main:70 - Showing pending approvals of students semester registration
18:23:14,338  INFO AdminDaoOperation,main:188 - 1 Students in PendingQueue: 
18:23:17,477  INFO AdminService,main:62 - Approving student
18:23:17,483  INFO AdminDaoOperation,main:152 - Student Self Registration approved
18:23:17,483  INFO NotificationService,main:39 - Sending notification
18:23:17,529  INFO NotificationDaoOperation,main:50 - Notification Sent
18:23:17,529  INFO AdminDaoOperation,main:210 - Student Registration is being Approved

18:23:18,916  INFO CRSApplication,main:73 - ----------Welcome to Course Management System---------
18:23:18,916  INFO CRSApplication,main:74 - 1. Login
18:23:18,916  INFO CRSApplication,main:75 - 2. Student Registration
18:23:18,917  INFO CRSApplication,main:76 - 3. UpdatePassword
18:23:18,917  INFO CRSApplication,main:77 - 4. Exit
18:23:18,917  INFO CRSApplication,main:78 - Enter user input
18:23:20,459  INFO CRSApplication,main:114 - -----------------Login Menu------------------
18:23:20,459  INFO CRSApplication,main:116 - Enter id 
18:23:21,239  INFO CRSApplication,main:119 - Enter password
18:23:21,977  INFO UserService,main:44 - Verifying User
18:23:21,978  INFO StudentDaoOperation,main:47 - User Verified
18:23:21,978  INFO UserService,main:68 - Verifying Approval
18:23:21,979  INFO CRSApplication,main:134 - Student Has Logged In at : 2022-01-31T18:23:21.978828600 ->  Login Successful
18:23:24,477  INFO RegisteredCoursesService,main:36 - Showing approved Courses
18:23:25,508  INFO RegisteredCoursesService,main:31 - Getting selected courses
18:23:25,516  INFO SemesterRegistrationService,main:33 - Adding course
18:23:28,788 ERROR PaymentDaoOperations,main:78 - ExceptionCan not issue data manipulation statements with executeQuery().
18:23:28,804  INFO PaymentDaoOperations,main:102 - Course added successfully!
18:27:27,479  INFO CRSApplication,main:73 - ----------Welcome to Course Management System---------
18:27:27,489  INFO CRSApplication,main:74 - 1. Login
18:27:27,490  INFO CRSApplication,main:75 - 2. Student Registration
18:27:27,491  INFO CRSApplication,main:76 - 3. UpdatePassword
18:27:27,493  INFO CRSApplication,main:77 - 4. Exit
18:27:27,493  INFO CRSApplication,main:78 - Enter user input
18:27:29,157  INFO CRSApplication,main:114 - -----------------Login Menu------------------
18:27:29,159  INFO CRSApplication,main:116 - Enter id 
18:27:30,887  INFO CRSApplication,main:119 - Enter password
18:27:32,197  INFO UserService,main:44 - Verifying User
18:27:32,774 ERROR CRSApplication,main:157 - Invalid Credentials!
18:27:32,775  INFO CRSApplication,main:73 - ----------Welcome to Course Management System---------
18:27:32,775  INFO CRSApplication,main:74 - 1. Login
18:27:32,776  INFO CRSApplication,main:75 - 2. Student Registration
18:27:32,776  INFO CRSApplication,main:76 - 3. UpdatePassword
18:27:32,777  INFO CRSApplication,main:77 - 4. Exit
18:27:32,777  INFO CRSApplication,main:78 - Enter user input
18:27:33,943  INFO CRSApplication,main:114 - -----------------Login Menu------------------
18:27:33,944  INFO CRSApplication,main:116 - Enter id 
18:27:34,745  INFO CRSApplication,main:119 - Enter password
18:27:35,341  INFO UserService,main:44 - Verifying User
18:27:35,343  INFO StudentDaoOperation,main:47 - User Verified
18:27:35,369  INFO UserService,main:68 - Verifying Approval
18:27:35,371  INFO CRSApplication,main:134 - Student Has Logged In at : 2022-01-31T18:27:35.368587200 ->  Login Successful
18:27:36,781  INFO RegisteredCoursesService,main:36 - Showing approved Courses
18:27:38,716  INFO RegisteredCoursesService,main:31 - Getting selected courses
18:27:38,756  INFO SemesterRegistrationService,main:33 - Adding course
18:27:54,403 ERROR RegisteredCoursesDaoOperation,main:78 - ExceptionCan not issue data manipulation statements with executeQuery().
18:27:54,432  INFO RegisteredCoursesDaoOperation,main:102 - Course added successfully!
18:30:04,763  INFO CRSApplication,main:73 - ----------Welcome to Course Management System---------
18:30:04,771  INFO CRSApplication,main:74 - 1. Login
18:30:04,772  INFO CRSApplication,main:75 - 2. Student Registration
18:30:04,772  INFO CRSApplication,main:76 - 3. UpdatePassword
18:30:04,772  INFO CRSApplication,main:77 - 4. Exit
18:30:04,773  INFO CRSApplication,main:78 - Enter user input
18:30:06,070  INFO CRSApplication,main:114 - -----------------Login Menu------------------
18:30:06,070  INFO CRSApplication,main:116 - Enter id 
18:30:46,137  INFO CRSApplication,main:119 - Enter password
18:30:46,760  INFO UserService,main:44 - Verifying User
18:30:47,282  INFO StudentDaoOperation,main:47 - User Verified
18:30:47,299  INFO UserService,main:68 - Verifying Approval
18:30:47,300  INFO CRSApplication,main:134 - Student Has Logged In at : 2022-01-31T18:30:47.298928100 ->  Login Successful
18:30:48,545  INFO RegisteredCoursesService,main:36 - Showing approved Courses
18:30:49,524  INFO RegisteredCoursesService,main:31 - Getting selected courses
18:30:49,555  INFO SemesterRegistrationService,main:33 - Adding course
18:30:52,309 ERROR RegisteredCoursesDaoOperation,main:78 - ExceptionCan not issue data manipulation statements with executeQuery().
18:30:52,334  INFO RegisteredCoursesDaoOperation,main:102 - Course added successfully!
18:31:46,704  INFO CRSApplication,main:73 - ----------Welcome to Course Management System---------
18:31:46,709  INFO CRSApplication,main:74 - 1. Login
18:31:46,710  INFO CRSApplication,main:75 - 2. Student Registration
18:31:46,710  INFO CRSApplication,main:76 - 3. UpdatePassword
18:31:46,711  INFO CRSApplication,main:77 - 4. Exit
18:31:46,711  INFO CRSApplication,main:78 - Enter user input
18:31:48,981  INFO CRSApplication,main:114 - -----------------Login Menu------------------
18:31:48,981  INFO CRSApplication,main:116 - Enter id 
18:31:49,743  INFO CRSApplication,main:119 - Enter password
18:31:50,646  INFO UserService,main:44 - Verifying User
18:31:51,334  INFO StudentDaoOperation,main:47 - User Verified
18:31:51,361  INFO UserService,main:68 - Verifying Approval
18:31:51,363  INFO CRSApplication,main:134 - Student Has Logged In at : 2022-01-31T18:31:51.361043700 ->  Login Successful
18:31:52,381  INFO RegisteredCoursesService,main:36 - Showing approved Courses
18:31:53,860  INFO RegisteredCoursesService,main:31 - Getting selected courses
18:31:53,883  INFO SemesterRegistrationService,main:33 - Adding course
18:31:56,085  INFO RegisteredCoursesDaoOperation,main:102 - Course added successfully!
18:33:19,449  INFO CRSApplication,main:73 - ----------Welcome to Course Management System---------
18:33:19,457  INFO CRSApplication,main:74 - 1. Login
18:33:19,458  INFO CRSApplication,main:75 - 2. Student Registration
18:33:19,461  INFO CRSApplication,main:76 - 3. UpdatePassword
18:33:19,462  INFO CRSApplication,main:77 - 4. Exit
18:33:19,463  INFO CRSApplication,main:78 - Enter user input
18:33:35,818  INFO CRSApplication,main:114 - -----------------Login Menu------------------
18:33:35,820  INFO CRSApplication,main:116 - Enter id 
18:33:36,431  INFO CRSApplication,main:119 - Enter password
18:33:37,060  INFO UserService,main:44 - Verifying User
18:33:37,814  INFO StudentDaoOperation,main:47 - User Verified
18:33:37,847  INFO UserService,main:68 - Verifying Approval
18:33:37,850  INFO CRSApplication,main:134 - Student Has Logged In at : 2022-01-31T18:33:37.846599900 ->  Login Successful
18:33:39,624  INFO RegisteredCoursesService,main:36 - Showing approved Courses
18:33:41,161  INFO RegisteredCoursesService,main:31 - Getting selected courses
18:33:41,182  INFO SemesterRegistrationService,main:33 - Adding course
18:33:45,164  INFO RegisteredCoursesDaoOperation,main:102 - Course added successfully!
18:41:51,402  INFO CRSApplication,main:73 - ----------Welcome to Course Management System---------
18:41:51,407  INFO CRSApplication,main:74 - 1. Login
18:41:51,408  INFO CRSApplication,main:75 - 2. Student Registration
18:41:51,409  INFO CRSApplication,main:76 - 3. UpdatePassword
18:41:51,409  INFO CRSApplication,main:77 - 4. Exit
18:41:51,409  INFO CRSApplication,main:78 - Enter user input
18:41:53,395  INFO CRSApplication,main:114 - -----------------Login Menu------------------
18:41:53,396  INFO CRSApplication,main:116 - Enter id 
18:41:55,127  INFO CRSApplication,main:119 - Enter password
18:41:55,805  INFO UserService,main:44 - Verifying User
18:41:56,520  INFO StudentDaoOperation,main:47 - User Verified
18:41:56,544  INFO UserService,main:68 - Verifying Approval
18:41:56,546  INFO CRSApplication,main:134 - Student Has Logged In at : 2022-01-31T18:41:56.543684 ->  Login Successful
18:41:57,976  INFO AdminService,main:110 - Viewing student data
18:41:57,986  INFO AdminService,main:116 - Activating grade card
18:41:57,989  INFO AdminDaoOperation,main:388 - Grade Card Activated
18:44:26,210  INFO CRSApplication,main:73 - ----------Welcome to Course Management System---------
18:44:26,217  INFO CRSApplication,main:74 - 1. Login
18:44:26,218  INFO CRSApplication,main:75 - 2. Student Registration
18:44:26,219  INFO CRSApplication,main:76 - 3. UpdatePassword
18:44:26,221  INFO CRSApplication,main:77 - 4. Exit
18:44:26,223  INFO CRSApplication,main:78 - Enter user input
18:44:28,114  INFO CRSApplication,main:114 - -----------------Login Menu------------------
18:44:28,115  INFO CRSApplication,main:116 - Enter id 
18:44:28,986  INFO CRSApplication,main:119 - Enter password
18:44:29,612  INFO UserService,main:44 - Verifying User
18:44:30,237  INFO StudentDaoOperation,main:47 - User Verified
18:44:30,254  INFO UserService,main:68 - Verifying Approval
18:44:30,256  INFO CRSApplication,main:134 - Student Has Logged In at : 2022-01-31T18:44:30.253565200 ->  Login Successful
18:44:31,522  INFO AdminService,main:110 - Viewing student data
18:44:31,525  INFO AdminService,main:116 - Activating grade card
18:44:31,527  INFO AdminDaoOperation,main:388 - Grade Card Activated
18:45:21,385  INFO AdminService,main:110 - Viewing student data
18:45:21,390 DEBUG StudentService,main:145 - Report card generation is not approved
18:45:34,193  INFO CRSApplication,main:73 - ----------Welcome to Course Management System---------
18:45:34,201  INFO CRSApplication,main:74 - 1. Login
18:45:34,202  INFO CRSApplication,main:75 - 2. Student Registration
18:45:34,203  INFO CRSApplication,main:76 - 3. UpdatePassword
18:45:34,204  INFO CRSApplication,main:77 - 4. Exit
18:45:34,204  INFO CRSApplication,main:78 - Enter user input
18:45:36,402  INFO CRSApplication,main:114 - -----------------Login Menu------------------
18:45:36,403  INFO CRSApplication,main:116 - Enter id 
18:45:37,856  INFO CRSApplication,main:119 - Enter password
18:45:38,311  INFO UserService,main:44 - Verifying User
18:45:39,116  INFO StudentDaoOperation,main:47 - User Verified
18:45:39,143  INFO UserService,main:68 - Verifying Approval
18:45:39,149  INFO CRSApplication,main:134 - Student Has Logged In at : 2022-01-31T18:45:39.141347 ->  Login Successful
18:45:40,877  INFO AdminService,main:110 - Viewing student data
18:45:40,883  INFO AdminService,main:116 - Activating grade card
18:45:40,885  INFO AdminDaoOperation,main:388 - Grade Card Activated
